5
Calcul des heatmaps...
curent task:
uncertain
81
Calcul des heatmaps...
curent task:
confident
current image: 60
Device: Tesla V100-SXM2-32GB
Images:
	#0: /gpfsdswork/projects/rech/izg/uvh55jl/journal//dataset/multi/TEST//MEL/ISIC_0024733.jpg
Vanilla Backpropagation:
	#0: MEL (0.98728)
	#0: BEK (0.01235)
	#0: NEV (0.00036)
Deconvolution:
	#0: MEL (0.98728)
	#0: BEK (0.01235)
	#0: NEV (0.00036)
Grad-CAM/Guided Backpropagation/Guided Grad-CAM:
	#0: MEL (0.98728)
	#0: BEK (0.01235)
	#0: NEV (0.00036)
current image: 61
Device: Tesla V100-SXM2-32GB
Images:
	#0: /gpfsdswork/projects/rech/izg/uvh55jl/journal//dataset/multi/TEST//MEL/ISIC_0032730.jpg
Vanilla Backpropagation:
	#0: MEL (0.99961)
	#0: NEV (0.00036)
	#0: BEK (0.00003)
Deconvolution:
	#0: MEL (0.99961)
	#0: NEV (0.00036)
	#0: BEK (0.00003)
Grad-CAM/Guided Backpropagation/Guided Grad-CAM:
	#0: MEL (0.99961)
	#0: NEV (0.00036)
	#0: BEK (0.00003)
current image: 62
Device: Tesla V100-SXM2-32GB
Images:
	#0: /gpfsdswork/projects/rech/izg/uvh55jl/journal//dataset/multi/TEST//MEL/ISIC_0032888.jpg
Vanilla Backpropagation:
	#0: MEL (0.99970)
	#0: NEV (0.00022)
	#0: BEK (0.00008)
Deconvolution:
	#0: MEL (0.99970)
	#0: NEV (0.00022)
	#0: BEK (0.00008)
Grad-CAM/Guided Backpropagation/Guided Grad-CAM:
	#0: MEL (0.99970)
	#0: NEV (0.00022)
	#0: BEK (0.00008)
current image: 63
Device: Tesla V100-SXM2-32GB
Images:
	#0: /gpfsdswork/projects/rech/izg/uvh55jl/journal//dataset/multi/TEST//MEL/ISIC_0032586.jpg
Vanilla Backpropagation:
	#0: MEL (0.99998)
	#0: NEV (0.00002)
	#0: BEK (0.00000)
Deconvolution:
	#0: MEL (0.99998)
	#0: NEV (0.00002)
	#0: BEK (0.00000)
Grad-CAM/Guided Backpropagation/Guided Grad-CAM:
	#0: MEL (0.99998)
	#0: NEV (0.00002)
	#0: BEK (0.00000)
current image: 64
Device: Tesla V100-SXM2-32GB
Images:
	#0: /gpfsdswork/projects/rech/izg/uvh55jl/journal//dataset/multi/TEST//MEL/ISIC_0032993.jpg
Vanilla Backpropagation:
	#0: MEL (0.99967)
	#0: NEV (0.00032)
	#0: BEK (0.00000)
Deconvolution:
	#0: MEL (0.99967)
	#0: NEV (0.00032)
	#0: BEK (0.00000)
Grad-CAM/Guided Backpropagation/Guided Grad-CAM:
	#0: MEL (0.99967)
	#0: NEV (0.00032)
	#0: BEK (0.00000)
current image: 65
Device: Tesla V100-SXM2-32GB
Images:
	#0: /gpfsdswork/projects/rech/izg/uvh55jl/journal//dataset/multi/TEST//MEL/ISIC_0028520.jpg
Vanilla Backpropagation:
	#0: MEL (0.99995)
	#0: NEV (0.00005)
	#0: BEK (0.00000)
Deconvolution:
	#0: MEL (0.99995)
	#0: NEV (0.00005)
	#0: BEK (0.00000)
Grad-CAM/Guided Backpropagation/Guided Grad-CAM:
	#0: MEL (0.99995)
	#0: NEV (0.00005)
	#0: BEK (0.00000)
current image: 66
Device: Tesla V100-SXM2-32GB
Images:
	#0: /gpfsdswork/projects/rech/izg/uvh55jl/journal//dataset/multi/TEST//MEL/ISIC_0034085.jpg
Vanilla Backpropagation:
	#0: MEL (0.99968)
	#0: NEV (0.00032)
	#0: BEK (0.00000)
Deconvolution:
	#0: MEL (0.99968)
	#0: NEV (0.00032)
	#0: BEK (0.00000)
Grad-CAM/Guided Backpropagation/Guided Grad-CAM:
	#0: MEL (0.99968)
	#0: NEV (0.00032)
	#0: BEK (0.00000)
current image: 67
Device: Tesla V100-SXM2-32GB
Images:
	#0: /gpfsdswork/projects/rech/izg/uvh55jl/journal//dataset/multi/TEST//MEL/ISIC_0028218.jpg
Vanilla Backpropagation:
	#0: MEL (0.88323)
	#0: NEV (0.09961)
	#0: BEK (0.01716)
Deconvolution:
	#0: MEL (0.88323)
	#0: NEV (0.09961)
	#0: BEK (0.01716)
Grad-CAM/Guided Backpropagation/Guided Grad-CAM:
	#0: MEL (0.88323)
	#0: NEV (0.09961)
	#0: BEK (0.01716)
current image: 68
Device: Tesla V100-SXM2-32GB
Images:
	#0: /gpfsdswork/projects/rech/izg/uvh55jl/journal//dataset/multi/TEST//MEL/ISIC_0034150.jpg
Vanilla Backpropagation:
	#0: MEL (0.99996)
	#0: BEK (0.00002)
	#0: NEV (0.00002)
Deconvolution:
	#0: MEL (0.99996)
	#0: BEK (0.00002)
	#0: NEV (0.00002)
Grad-CAM/Guided Backpropagation/Guided Grad-CAM:
	#0: MEL (0.99996)
	#0: BEK (0.00002)
	#0: NEV (0.00002)
current image: 69
Device: Tesla V100-SXM2-32GB
Images:
	#0: /gpfsdswork/projects/rech/izg/uvh55jl/journal//dataset/multi/TEST//MEL/ISIC_0034092.jpg
Vanilla Backpropagation:
	#0: MEL (0.99985)
	#0: NEV (0.00015)
	#0: BEK (0.00000)
Deconvolution:
	#0: MEL (0.99985)
	#0: NEV (0.00015)
	#0: BEK (0.00000)
Grad-CAM/Guided Backpropagation/Guided Grad-CAM:
	#0: MEL (0.99985)
	#0: NEV (0.00015)
	#0: BEK (0.00000)
current image: 70
Device: Tesla V100-SXM2-32GB
Images:
	#0: /gpfsdswork/projects/rech/izg/uvh55jl/journal//dataset/multi/TEST//MEL/ISIC_0032550.jpg
Vanilla Backpropagation:
	#0: MEL (0.99273)
	#0: NEV (0.00711)
	#0: BEK (0.00016)
Deconvolution:
	#0: MEL (0.99273)
	#0: NEV (0.00711)
	#0: BEK (0.00016)
Grad-CAM/Guided Backpropagation/Guided Grad-CAM:
	#0: MEL (0.99273)
	#0: NEV (0.00711)
	#0: BEK (0.00016)
current image: 71
Device: Tesla V100-SXM2-32GB
Images:
	#0: /gpfsdswork/projects/rech/izg/uvh55jl/journal//dataset/multi/TEST//MEL/ISIC_0032219.jpg
Vanilla Backpropagation:
	#0: MEL (0.99856)
	#0: NEV (0.00139)
	#0: BEK (0.00005)
Deconvolution:
	#0: MEL (0.99856)
	#0: NEV (0.00139)
	#0: BEK (0.00005)
Grad-CAM/Guided Backpropagation/Guided Grad-CAM:
	#0: MEL (0.99856)
	#0: NEV (0.00139)
	#0: BEK (0.00005)
current image: 72
Device: Tesla V100-SXM2-32GB
Images:
	#0: /gpfsdswork/projects/rech/izg/uvh55jl/journal//dataset/multi/TEST//MEL/ISIC_0031410.jpg
Vanilla Backpropagation:
	#0: MEL (0.99985)
	#0: NEV (0.00011)
	#0: BEK (0.00004)
Deconvolution:
	#0: MEL (0.99985)
	#0: NEV (0.00011)
	#0: BEK (0.00004)
Grad-CAM/Guided Backpropagation/Guided Grad-CAM:
	#0: MEL (0.99985)
	#0: NEV (0.00011)
	#0: BEK (0.00004)
current image: 73
Device: Tesla V100-SXM2-32GB
Images:
	#0: /gpfsdswork/projects/rech/izg/uvh55jl/journal//dataset/multi/TEST//MEL/ISIC_0033393.jpg
Vanilla Backpropagation:
	#0: MEL (0.99910)
	#0: NEV (0.00090)
	#0: BEK (0.00000)
Deconvolution:
	#0: MEL (0.99910)
	#0: NEV (0.00090)
	#0: BEK (0.00000)
Grad-CAM/Guided Backpropagation/Guided Grad-CAM:
	#0: MEL (0.99910)
	#0: NEV (0.00090)
	#0: BEK (0.00000)
current image: 74
Device: Tesla V100-SXM2-32GB
Images:
	#0: /gpfsdswork/projects/rech/izg/uvh55jl/journal//dataset/multi/TEST//MEL/ISIC_0027234.jpg
Vanilla Backpropagation:
	#0: MEL (0.99905)
	#0: NEV (0.00069)
	#0: BEK (0.00026)
Deconvolution:
	#0: MEL (0.99905)
	#0: NEV (0.00069)
	#0: BEK (0.00026)
Grad-CAM/Guided Backpropagation/Guided Grad-CAM:
	#0: MEL (0.99905)
	#0: NEV (0.00069)
	#0: BEK (0.00026)
current image: 75
Device: Tesla V100-SXM2-32GB
Images:
	#0: /gpfsdswork/projects/rech/izg/uvh55jl/journal//dataset/multi/TEST//MEL/ISIC_0033863.jpg
Vanilla Backpropagation:
	#0: MEL (0.97795)
	#0: NEV (0.02205)
	#0: BEK (0.00001)
Deconvolution:
	#0: MEL (0.97795)
	#0: NEV (0.02205)
	#0: BEK (0.00001)
Grad-CAM/Guided Backpropagation/Guided Grad-CAM:
	#0: MEL (0.97795)
	#0: NEV (0.02205)
	#0: BEK (0.00001)
current image: 76
Device: Tesla V100-SXM2-32GB
Images:
	#0: /gpfsdswork/projects/rech/izg/uvh55jl/journal//dataset/multi/TEST//MEL/ISIC_0033479.jpg
Vanilla Backpropagation:
	#0: MEL (0.99992)
	#0: BEK (0.00006)
	#0: NEV (0.00001)
Deconvolution:
	#0: MEL (0.99992)
	#0: BEK (0.00006)
	#0: NEV (0.00001)
Grad-CAM/Guided Backpropagation/Guided Grad-CAM:
	#0: MEL (0.99992)
	#0: BEK (0.00006)
	#0: NEV (0.00001)
current image: 77
Device: Tesla V100-SXM2-32GB
Images:
	#0: /gpfsdswork/projects/rech/izg/uvh55jl/journal//dataset/multi/TEST//MEL/ISIC_0032695.jpg
Vanilla Backpropagation:
	#0: MEL (0.99964)
	#0: BEK (0.00035)
	#0: NEV (0.00001)
Deconvolution:
	#0: MEL (0.99964)
	#0: BEK (0.00035)
	#0: NEV (0.00001)
Grad-CAM/Guided Backpropagation/Guided Grad-CAM:
	#0: MEL (0.99964)
	#0: BEK (0.00035)
	#0: NEV (0.00001)
current image: 78
Device: Tesla V100-SXM2-32GB
Images:
	#0: /gpfsdswork/projects/rech/izg/uvh55jl/journal//dataset/multi/TEST//MEL/ISIC_0027069.jpg
Vanilla Backpropagation:
	#0: MEL (0.99959)
	#0: BEK (0.00023)
	#0: NEV (0.00018)
Deconvolution:
	#0: MEL (0.99959)
	#0: BEK (0.00023)
	#0: NEV (0.00018)
Grad-CAM/Guided Backpropagation/Guided Grad-CAM:
	#0: MEL (0.99959)
	#0: BEK (0.00023)
	#0: NEV (0.00018)
current image: 79
Device: Tesla V100-SXM2-32GB
Images:
	#0: /gpfsdswork/projects/rech/izg/uvh55jl/journal//dataset/multi/TEST//MEL/ISIC_0033431.jpg
Vanilla Backpropagation:
	#0: MEL (0.99998)
	#0: NEV (0.00002)
	#0: BEK (0.00000)
Deconvolution:
	#0: MEL (0.99998)
	#0: NEV (0.00002)
	#0: BEK (0.00000)
Grad-CAM/Guided Backpropagation/Guided Grad-CAM:
	#0: MEL (0.99998)
	#0: NEV (0.00002)
	#0: BEK (0.00000)
current image: 80
Device: Tesla V100-SXM2-32GB
Images:
	#0: /gpfsdswork/projects/rech/izg/uvh55jl/journal//dataset/multi/TEST//MEL/ISIC_0030929.jpg
Vanilla Backpropagation:
	#0: MEL (0.99912)
	#0: NEV (0.00086)
	#0: BEK (0.00002)
Deconvolution:
	#0: MEL (0.99912)
	#0: NEV (0.00086)
	#0: BEK (0.00002)
Grad-CAM/Guided Backpropagation/Guided Grad-CAM:
	#0: MEL (0.99912)
	#0: NEV (0.00086)
	#0: BEK (0.00002)
